Created by PLY version 3.11 (http://www.dabeaz.com/ply)

Unused terminals:

    IDENTIFIER

Grammar

Rule 0     S' -> sentence
Rule 1     sentence -> PREPOSITION VERB PREPOSITION NOUN PREPOSITION NOUN
Rule 2     sentence -> NOUN NOUN NOUN VERB PREPOSITION NOUN
Rule 3     sentence -> PREPOSITION NOUN NOUN NOUN
Rule 4     sentence -> VERB NOUN NOUN NOUN NOUN
Rule 5     sentence -> CONJUNCTION PREPOSITION CONJUNCTION VERB NOUN NOUN NOUN
Rule 6     sentence -> PREPOSITION VERB ADJECTIVE NOUN NOUN
Rule 7     sentence -> PREPOSITION NOUN PREPOSITION VERB PREPOSITION PREPOSITION ADJECTIVE PREPOSITION
Rule 8     sentence -> ADJECTIVE NOUN PREPOSITION ADJECTIVE NOUN
Rule 9     sentence -> VERB ADJECTIVE PREPOSITION NOUN NOUN
Rule 10    sentence -> NOUN NOUN NOUN NOUN
Rule 11    sentence -> CONJUNCTION NOUN PREPOSITION NOUN NOUN
Rule 12    sentence -> ADJECTIVE VERB PREPOSITION NOUN CONJUNCTION VERB
Rule 13    sentence -> PREPOSITION VERB NOUN PREPOSITION NOUN PREPOSITION NOUN
Rule 14    sentence -> NOUN VERB NOUN PREPOSITION NOUN
Rule 15    sentence -> PREPOSITION NOUN NOUN PREPOSITION NOUN
Rule 16    sentence -> PREPOSITION PREPOSITION NOUN NOUN CONJUNCTION NOUN
Rule 17    sentence -> NOUN PREPOSITION PREPOSITION PREPOSITION PREPOSITION VERB
Rule 18    sentence -> NOUN NOUN PREPOSITION NOUN NOUN
Rule 19    sentence -> PREPOSITION VERB NOUN NOUN ADJECTIVE
Rule 20    sentence -> VERB CONJUNCTION NOUN NOUN NOUN
Rule 21    sentence -> PREPOSITION PREPOSITION VERB PREPOSITION NOUN CONJUNCTION VERB
Rule 22    sentence -> NOUN PREPOSITION PREPOSITION ADJECTIVE PREPOSITION VERB ADJECTIVE
Rule 23    sentence -> VERB ADJECTIVE ADJECTIVE NOUN NOUN
Rule 24    sentence -> PREPOSITION NOUN CONJUNCTION NOUN NOUN
Rule 25    sentence -> PREPOSITION NOUN CONJUNCTION PREPOSITION NOUN ADJECTIVE
Rule 26    sentence -> NOUN NOUN PREPOSITION NOUN CONJUNCTION NOUN
Rule 27    sentence -> PREPOSITION NOUN CONJUNCTION PREPOSITION VERB PREPOSITION NOUN
Rule 28    sentence -> PREPOSITION VERB NOUN NOUN PREPOSITION NOUN
Rule 29    sentence -> PREPOSITION CONJUNCTION PREPOSITION NOUN PREPOSITION NOUN NOUN
Rule 30    sentence -> PREPOSITION VERB NOUN NOUN NOUN
Rule 31    sentence -> CONJUNCTION VERB CONJUNCTION PREPOSITION PREPOSITION NOUN NOUN
Rule 32    sentence -> VERB NOUN NOUN NOUN PREPOSITION
Rule 33    sentence -> NOUN ADJECTIVE CONJUNCTION NOUN ADJECTIVE
Rule 34    sentence -> VERB NOUN NOUN PREPOSITION NOUN
Rule 35    sentence -> CONJUNCTION PREPOSITION VERB CONJUNCTION PREPOSITION VERB NOUN
Rule 36    sentence -> NOUN VERB NOUN ADJECTIVE NOUN
Rule 37    sentence -> CONJUNCTION CONJUNCTION VERB PREPOSITION NOUN NOUN NOUN
Rule 38    sentence -> PREPOSITION VERB NOUN PREPOSITION CONJUNCTION NOUN PREPOSITION
Rule 39    sentence -> CONJUNCTION NOUN NOUN ADJECTIVE
Rule 40    sentence -> PREPOSITION VERB VERB CONJUNCTION VERB PREPOSITION NOUN
Rule 41    sentence -> VERB PREPOSITION PREPOSITION CONJUNCTION NOUN CONJUNCTION CONJUNCTION ADJECTIVE
Rule 42    sentence -> CONJUNCTION VERB CONJUNCTION NOUN PREPOSITION VERB
Rule 43    sentence -> CONJUNCTION CONJUNCTION NOUN NOUN NOUN ADJECTIVE
Rule 44    sentence -> CONJUNCTION CONJUNCTION PREPOSITION NOUN ADJECTIVE NOUN
Rule 45    sentence -> VERB PREPOSITION NOUN NOUN

Terminals, with rules where they appear

ADJECTIVE            : 6 7 8 8 9 12 19 22 22 23 23 25 33 33 36 39 41 43 44
CONJUNCTION          : 5 5 11 12 16 20 21 24 25 26 27 29 31 31 33 35 35 37 37 38 39 40 41 41 41 42 42 43 43 44 44
IDENTIFIER           : 
NOUN                 : 1 1 2 2 2 2 3 3 3 4 4 4 4 5 5 5 6 6 7 8 8 9 9 10 10 10 10 11 11 11 12 13 13 13 14 14 14 15 15 15 16 16 16 17 18 18 18 18 19 19 20 20 20 21 22 23 23 24 24 24 25 25 26 26 26 26 27 27 28 28 28 29 29 29 30 30 30 31 31 32 32 32 33 33 34 34 34 35 36 36 36 37 37 37 38 38 39 39 40 41 42 43 43 43 44 44 45 45
PREPOSITION          : 1 1 1 2 3 5 6 7 7 7 7 7 8 9 11 12 13 13 13 14 15 15 16 16 17 17 17 17 18 19 21 21 21 22 22 22 24 25 25 26 27 27 27 28 28 29 29 29 30 31 31 32 34 35 35 37 38 38 38 40 40 41 41 42 44 45
VERB                 : 1 2 4 5 6 7 9 12 12 13 14 17 19 20 21 21 22 23 27 28 30 31 32 34 35 35 36 37 38 40 40 40 41 42 42 45
error                : 

Nonterminals, with rules where they appear

sentence             : 0

Parsing method: LALR

state 0

    (0) S' -> . sentence
    (1) sentence -> . PREPOSITION VERB PREPOSITION NOUN PREPOSITION NOUN
    (2) sentence -> . NOUN NOUN NOUN VERB PREPOSITION NOUN
    (3) sentence -> . PREPOSITION NOUN NOUN NOUN
    (4) sentence -> . VERB NOUN NOUN NOUN NOUN
    (5) sentence -> . CONJUNCTION PREPOSITION CONJUNCTION VERB NOUN NOUN NOUN
    (6) sentence -> . PREPOSITION VERB ADJECTIVE NOUN NOUN
    (7) sentence -> . PREPOSITION NOUN PREPOSITION VERB PREPOSITION PREPOSITION ADJECTIVE PREPOSITION
    (8) sentence -> . ADJECTIVE NOUN PREPOSITION ADJECTIVE NOUN
    (9) sentence -> . VERB ADJECTIVE PREPOSITION NOUN NOUN
    (10) sentence -> . NOUN NOUN NOUN NOUN
    (11) sentence -> . CONJUNCTION NOUN PREPOSITION NOUN NOUN
    (12) sentence -> . ADJECTIVE VERB PREPOSITION NOUN CONJUNCTION VERB
    (13) sentence -> . PREPOSITION VERB NOUN PREPOSITION NOUN PREPOSITION NOUN
    (14) sentence -> . NOUN VERB NOUN PREPOSITION NOUN
    (15) sentence -> . PREPOSITION NOUN NOUN PREPOSITION NOUN
    (16) sentence -> . PREPOSITION PREPOSITION NOUN NOUN CONJUNCTION NOUN
    (17) sentence -> . NOUN PREPOSITION PREPOSITION PREPOSITION PREPOSITION VERB
    (18) sentence -> . NOUN NOUN PREPOSITION NOUN NOUN
    (19) sentence -> . PREPOSITION VERB NOUN NOUN ADJECTIVE
    (20) sentence -> . VERB CONJUNCTION NOUN NOUN NOUN
    (21) sentence -> . PREPOSITION PREPOSITION VERB PREPOSITION NOUN CONJUNCTION VERB
    (22) sentence -> . NOUN PREPOSITION PREPOSITION ADJECTIVE PREPOSITION VERB ADJECTIVE
    (23) sentence -> . VERB ADJECTIVE ADJECTIVE NOUN NOUN
    (24) sentence -> . PREPOSITION NOUN CONJUNCTION NOUN NOUN
    (25) sentence -> . PREPOSITION NOUN CONJUNCTION PREPOSITION NOUN ADJECTIVE
    (26) sentence -> . NOUN NOUN PREPOSITION NOUN CONJUNCTION NOUN
    (27) sentence -> . PREPOSITION NOUN CONJUNCTION PREPOSITION VERB PREPOSITION NOUN
    (28) sentence -> . PREPOSITION VERB NOUN NOUN PREPOSITION NOUN
    (29) sentence -> . PREPOSITION CONJUNCTION PREPOSITION NOUN PREPOSITION NOUN NOUN
    (30) sentence -> . PREPOSITION VERB NOUN NOUN NOUN
    (31) sentence -> . CONJUNCTION VERB CONJUNCTION PREPOSITION PREPOSITION NOUN NOUN
    (32) sentence -> . VERB NOUN NOUN NOUN PREPOSITION
    (33) sentence -> . NOUN ADJECTIVE CONJUNCTION NOUN ADJECTIVE
    (34) sentence -> . VERB NOUN NOUN PREPOSITION NOUN
    (35) sentence -> . CONJUNCTION PREPOSITION VERB CONJUNCTION PREPOSITION VERB NOUN
    (36) sentence -> . NOUN VERB NOUN ADJECTIVE NOUN
    (37) sentence -> . CONJUNCTION CONJUNCTION VERB PREPOSITION NOUN NOUN NOUN
    (38) sentence -> . PREPOSITION VERB NOUN PREPOSITION CONJUNCTION NOUN PREPOSITION
    (39) sentence -> . CONJUNCTION NOUN NOUN ADJECTIVE
    (40) sentence -> . PREPOSITION VERB VERB CONJUNCTION VERB PREPOSITION NOUN
    (41) sentence -> . VERB PREPOSITION PREPOSITION CONJUNCTION NOUN CONJUNCTION CONJUNCTION ADJECTIVE
    (42) sentence -> . CONJUNCTION VERB CONJUNCTION NOUN PREPOSITION VERB
    (43) sentence -> . CONJUNCTION CONJUNCTION NOUN NOUN NOUN ADJECTIVE
    (44) sentence -> . CONJUNCTION CONJUNCTION PREPOSITION NOUN ADJECTIVE NOUN
    (45) sentence -> . VERB PREPOSITION NOUN NOUN

    PREPOSITION     shift and go to state 2
    NOUN            shift and go to state 4
    VERB            shift and go to state 3
    CONJUNCTION     shift and go to state 5
    ADJECTIVE       shift and go to state 6

    sentence                       shift and go to state 1

state 1

    (0) S' -> sentence .



state 2

    (1) sentence -> PREPOSITION . VERB PREPOSITION NOUN PREPOSITION NOUN
    (3) sentence -> PREPOSITION . NOUN NOUN NOUN
    (6) sentence -> PREPOSITION . VERB ADJECTIVE NOUN NOUN
    (7) sentence -> PREPOSITION . NOUN PREPOSITION VERB PREPOSITION PREPOSITION ADJECTIVE PREPOSITION
    (13) sentence -> PREPOSITION . VERB NOUN PREPOSITION NOUN PREPOSITION NOUN
    (15) sentence -> PREPOSITION . NOUN NOUN PREPOSITION NOUN
    (16) sentence -> PREPOSITION . PREPOSITION NOUN NOUN CONJUNCTION NOUN
    (19) sentence -> PREPOSITION . VERB NOUN NOUN ADJECTIVE
    (21) sentence -> PREPOSITION . PREPOSITION VERB PREPOSITION NOUN CONJUNCTION VERB
    (24) sentence -> PREPOSITION . NOUN CONJUNCTION NOUN NOUN
    (25) sentence -> PREPOSITION . NOUN CONJUNCTION PREPOSITION NOUN ADJECTIVE
    (27) sentence -> PREPOSITION . NOUN CONJUNCTION PREPOSITION VERB PREPOSITION NOUN
    (28) sentence -> PREPOSITION . VERB NOUN NOUN PREPOSITION NOUN
    (29) sentence -> PREPOSITION . CONJUNCTION PREPOSITION NOUN PREPOSITION NOUN NOUN
    (30) sentence -> PREPOSITION . VERB NOUN NOUN NOUN
    (38) sentence -> PREPOSITION . VERB NOUN PREPOSITION CONJUNCTION NOUN PREPOSITION
    (40) sentence -> PREPOSITION . VERB VERB CONJUNCTION VERB PREPOSITION NOUN

    VERB            shift and go to state 8
    NOUN            shift and go to state 9
    PREPOSITION     shift and go to state 7
    CONJUNCTION     shift and go to state 10


state 3

    (4) sentence -> VERB . NOUN NOUN NOUN NOUN
    (9) sentence -> VERB . ADJECTIVE PREPOSITION NOUN NOUN
    (20) sentence -> VERB . CONJUNCTION NOUN NOUN NOUN
    (23) sentence -> VERB . ADJECTIVE ADJECTIVE NOUN NOUN
    (32) sentence -> VERB . NOUN NOUN NOUN PREPOSITION
    (34) sentence -> VERB . NOUN NOUN PREPOSITION NOUN
    (41) sentence -> VERB . PREPOSITION PREPOSITION CONJUNCTION NOUN CONJUNCTION CONJUNCTION ADJECTIVE
    (45) sentence -> VERB . PREPOSITION NOUN NOUN

    NOUN            shift and go to state 11
    ADJECTIVE       shift and go to state 12
    CONJUNCTION     shift and go to state 14
    PREPOSITION     shift and go to state 13


state 4

    (2) sentence -> NOUN . NOUN NOUN VERB PREPOSITION NOUN
    (10) sentence -> NOUN . NOUN NOUN NOUN
    (14) sentence -> NOUN . VERB NOUN PREPOSITION NOUN
    (17) sentence -> NOUN . PREPOSITION PREPOSITION PREPOSITION PREPOSITION VERB
    (18) sentence -> NOUN . NOUN PREPOSITION NOUN NOUN
    (22) sentence -> NOUN . PREPOSITION PREPOSITION ADJECTIVE PREPOSITION VERB ADJECTIVE
    (26) sentence -> NOUN . NOUN PREPOSITION NOUN CONJUNCTION NOUN
    (33) sentence -> NOUN . ADJECTIVE CONJUNCTION NOUN ADJECTIVE
    (36) sentence -> NOUN . VERB NOUN ADJECTIVE NOUN

    NOUN            shift and go to state 15
    VERB            shift and go to state 16
    PREPOSITION     shift and go to state 17
    ADJECTIVE       shift and go to state 18


state 5

    (5) sentence -> CONJUNCTION . PREPOSITION CONJUNCTION VERB NOUN NOUN NOUN
    (11) sentence -> CONJUNCTION . NOUN PREPOSITION NOUN NOUN
    (31) sentence -> CONJUNCTION . VERB CONJUNCTION PREPOSITION PREPOSITION NOUN NOUN
    (35) sentence -> CONJUNCTION . PREPOSITION VERB CONJUNCTION PREPOSITION VERB NOUN
    (37) sentence -> CONJUNCTION . CONJUNCTION VERB PREPOSITION NOUN NOUN NOUN
    (39) sentence -> CONJUNCTION . NOUN NOUN ADJECTIVE
    (42) sentence -> CONJUNCTION . VERB CONJUNCTION NOUN PREPOSITION VERB
    (43) sentence -> CONJUNCTION . CONJUNCTION NOUN NOUN NOUN ADJECTIVE
    (44) sentence -> CONJUNCTION . CONJUNCTION PREPOSITION NOUN ADJECTIVE NOUN

    PREPOSITION     shift and go to state 20
    NOUN            shift and go to state 22
    VERB            shift and go to state 21
    CONJUNCTION     shift and go to state 19


state 6

    (8) sentence -> ADJECTIVE . NOUN PREPOSITION ADJECTIVE NOUN
    (12) sentence -> ADJECTIVE . VERB PREPOSITION NOUN CONJUNCTION VERB

    NOUN            shift and go to state 23
    VERB            shift and go to state 24


state 7

    (16) sentence -> PREPOSITION PREPOSITION . NOUN NOUN CONJUNCTION NOUN
    (21) sentence -> PREPOSITION PREPOSITION . VERB PREPOSITION NOUN CONJUNCTION VERB

    NOUN            shift and go to state 25
    VERB            shift and go to state 26


state 8

    (1) sentence -> PREPOSITION VERB . PREPOSITION NOUN PREPOSITION NOUN
    (6) sentence -> PREPOSITION VERB . ADJECTIVE NOUN NOUN
    (13) sentence -> PREPOSITION VERB . NOUN PREPOSITION NOUN PREPOSITION NOUN
    (19) sentence -> PREPOSITION VERB . NOUN NOUN ADJECTIVE
    (28) sentence -> PREPOSITION VERB . NOUN NOUN PREPOSITION NOUN
    (30) sentence -> PREPOSITION VERB . NOUN NOUN NOUN
    (38) sentence -> PREPOSITION VERB . NOUN PREPOSITION CONJUNCTION NOUN PREPOSITION
    (40) sentence -> PREPOSITION VERB . VERB CONJUNCTION VERB PREPOSITION NOUN

    PREPOSITION     shift and go to state 27
    ADJECTIVE       shift and go to state 30
    NOUN            shift and go to state 29
    VERB            shift and go to state 28


state 9

    (3) sentence -> PREPOSITION NOUN . NOUN NOUN
    (7) sentence -> PREPOSITION NOUN . PREPOSITION VERB PREPOSITION PREPOSITION ADJECTIVE PREPOSITION
    (15) sentence -> PREPOSITION NOUN . NOUN PREPOSITION NOUN
    (24) sentence -> PREPOSITION NOUN . CONJUNCTION NOUN NOUN
    (25) sentence -> PREPOSITION NOUN . CONJUNCTION PREPOSITION NOUN ADJECTIVE
    (27) sentence -> PREPOSITION NOUN . CONJUNCTION PREPOSITION VERB PREPOSITION NOUN

    NOUN            shift and go to state 32
    PREPOSITION     shift and go to state 31
    CONJUNCTION     shift and go to state 33


state 10

    (29) sentence -> PREPOSITION CONJUNCTION . PREPOSITION NOUN PREPOSITION NOUN NOUN

    PREPOSITION     shift and go to state 34


state 11

    (4) sentence -> VERB NOUN . NOUN NOUN NOUN
    (32) sentence -> VERB NOUN . NOUN NOUN PREPOSITION
    (34) sentence -> VERB NOUN . NOUN PREPOSITION NOUN

    NOUN            shift and go to state 35


state 12

    (9) sentence -> VERB ADJECTIVE . PREPOSITION NOUN NOUN
    (23) sentence -> VERB ADJECTIVE . ADJECTIVE NOUN NOUN

    PREPOSITION     shift and go to state 37
    ADJECTIVE       shift and go to state 36


state 13

    (41) sentence -> VERB PREPOSITION . PREPOSITION CONJUNCTION NOUN CONJUNCTION CONJUNCTION ADJECTIVE
    (45) sentence -> VERB PREPOSITION . NOUN NOUN

    PREPOSITION     shift and go to state 38
    NOUN            shift and go to state 39


state 14

    (20) sentence -> VERB CONJUNCTION . NOUN NOUN NOUN

    NOUN            shift and go to state 40


state 15

    (2) sentence -> NOUN NOUN . NOUN VERB PREPOSITION NOUN
    (10) sentence -> NOUN NOUN . NOUN NOUN
    (18) sentence -> NOUN NOUN . PREPOSITION NOUN NOUN
    (26) sentence -> NOUN NOUN . PREPOSITION NOUN CONJUNCTION NOUN

    NOUN            shift and go to state 41
    PREPOSITION     shift and go to state 42


state 16

    (14) sentence -> NOUN VERB . NOUN PREPOSITION NOUN
    (36) sentence -> NOUN VERB . NOUN ADJECTIVE NOUN

    NOUN            shift and go to state 43


state 17

    (17) sentence -> NOUN PREPOSITION . PREPOSITION PREPOSITION PREPOSITION VERB
    (22) sentence -> NOUN PREPOSITION . PREPOSITION ADJECTIVE PREPOSITION VERB ADJECTIVE

    PREPOSITION     shift and go to state 44


state 18

    (33) sentence -> NOUN ADJECTIVE . CONJUNCTION NOUN ADJECTIVE

    CONJUNCTION     shift and go to state 45


state 19

    (37) sentence -> CONJUNCTION CONJUNCTION . VERB PREPOSITION NOUN NOUN NOUN
    (43) sentence -> CONJUNCTION CONJUNCTION . NOUN NOUN NOUN ADJECTIVE
    (44) sentence -> CONJUNCTION CONJUNCTION . PREPOSITION NOUN ADJECTIVE NOUN

    VERB            shift and go to state 46
    NOUN            shift and go to state 48
    PREPOSITION     shift and go to state 47


state 20

    (5) sentence -> CONJUNCTION PREPOSITION . CONJUNCTION VERB NOUN NOUN NOUN
    (35) sentence -> CONJUNCTION PREPOSITION . VERB CONJUNCTION PREPOSITION VERB NOUN

    CONJUNCTION     shift and go to state 49
    VERB            shift and go to state 50


state 21

    (31) sentence -> CONJUNCTION VERB . CONJUNCTION PREPOSITION PREPOSITION NOUN NOUN
    (42) sentence -> CONJUNCTION VERB . CONJUNCTION NOUN PREPOSITION VERB

    CONJUNCTION     shift and go to state 51


state 22

    (11) sentence -> CONJUNCTION NOUN . PREPOSITION NOUN NOUN
    (39) sentence -> CONJUNCTION NOUN . NOUN ADJECTIVE

    PREPOSITION     shift and go to state 53
    NOUN            shift and go to state 52


state 23

    (8) sentence -> ADJECTIVE NOUN . PREPOSITION ADJECTIVE NOUN

    PREPOSITION     shift and go to state 54


state 24

    (12) sentence -> ADJECTIVE VERB . PREPOSITION NOUN CONJUNCTION VERB

    PREPOSITION     shift and go to state 55


state 25

    (16) sentence -> PREPOSITION PREPOSITION NOUN . NOUN CONJUNCTION NOUN

    NOUN            shift and go to state 56


state 26

    (21) sentence -> PREPOSITION PREPOSITION VERB . PREPOSITION NOUN CONJUNCTION VERB

    PREPOSITION     shift and go to state 57


state 27

    (1) sentence -> PREPOSITION VERB PREPOSITION . NOUN PREPOSITION NOUN

    NOUN            shift and go to state 58


state 28

    (40) sentence -> PREPOSITION VERB VERB . CONJUNCTION VERB PREPOSITION NOUN

    CONJUNCTION     shift and go to state 59


state 29

    (13) sentence -> PREPOSITION VERB NOUN . PREPOSITION NOUN PREPOSITION NOUN
    (19) sentence -> PREPOSITION VERB NOUN . NOUN ADJECTIVE
    (28) sentence -> PREPOSITION VERB NOUN . NOUN PREPOSITION NOUN
    (30) sentence -> PREPOSITION VERB NOUN . NOUN NOUN
    (38) sentence -> PREPOSITION VERB NOUN . PREPOSITION CONJUNCTION NOUN PREPOSITION

    PREPOSITION     shift and go to state 60
    NOUN            shift and go to state 61


state 30

    (6) sentence -> PREPOSITION VERB ADJECTIVE . NOUN NOUN

    NOUN            shift and go to state 62


state 31

    (7) sentence -> PREPOSITION NOUN PREPOSITION . VERB PREPOSITION PREPOSITION ADJECTIVE PREPOSITION

    VERB            shift and go to state 63


state 32

    (3) sentence -> PREPOSITION NOUN NOUN . NOUN
    (15) sentence -> PREPOSITION NOUN NOUN . PREPOSITION NOUN

    NOUN            shift and go to state 65
    PREPOSITION     shift and go to state 64


state 33

    (24) sentence -> PREPOSITION NOUN CONJUNCTION . NOUN NOUN
    (25) sentence -> PREPOSITION NOUN CONJUNCTION . PREPOSITION NOUN ADJECTIVE
    (27) sentence -> PREPOSITION NOUN CONJUNCTION . PREPOSITION VERB PREPOSITION NOUN

    NOUN            shift and go to state 67
    PREPOSITION     shift and go to state 66


state 34

    (29) sentence -> PREPOSITION CONJUNCTION PREPOSITION . NOUN PREPOSITION NOUN NOUN

    NOUN            shift and go to state 68


state 35

    (4) sentence -> VERB NOUN NOUN . NOUN NOUN
    (32) sentence -> VERB NOUN NOUN . NOUN PREPOSITION
    (34) sentence -> VERB NOUN NOUN . PREPOSITION NOUN

    NOUN            shift and go to state 69
    PREPOSITION     shift and go to state 70


state 36

    (23) sentence -> VERB ADJECTIVE ADJECTIVE . NOUN NOUN

    NOUN            shift and go to state 71


state 37

    (9) sentence -> VERB ADJECTIVE PREPOSITION . NOUN NOUN

    NOUN            shift and go to state 72


state 38

    (41) sentence -> VERB PREPOSITION PREPOSITION . CONJUNCTION NOUN CONJUNCTION CONJUNCTION ADJECTIVE

    CONJUNCTION     shift and go to state 73


state 39

    (45) sentence -> VERB PREPOSITION NOUN . NOUN

    NOUN            shift and go to state 74


state 40

    (20) sentence -> VERB CONJUNCTION NOUN . NOUN NOUN

    NOUN            shift and go to state 75


state 41

    (2) sentence -> NOUN NOUN NOUN . VERB PREPOSITION NOUN
    (10) sentence -> NOUN NOUN NOUN . NOUN

    VERB            shift and go to state 77
    NOUN            shift and go to state 76


state 42

    (18) sentence -> NOUN NOUN PREPOSITION . NOUN NOUN
    (26) sentence -> NOUN NOUN PREPOSITION . NOUN CONJUNCTION NOUN

    NOUN            shift and go to state 78


state 43

    (14) sentence -> NOUN VERB NOUN . PREPOSITION NOUN
    (36) sentence -> NOUN VERB NOUN . ADJECTIVE NOUN

    PREPOSITION     shift and go to state 79
    ADJECTIVE       shift and go to state 80


state 44

    (17) sentence -> NOUN PREPOSITION PREPOSITION . PREPOSITION PREPOSITION VERB
    (22) sentence -> NOUN PREPOSITION PREPOSITION . ADJECTIVE PREPOSITION VERB ADJECTIVE

    PREPOSITION     shift and go to state 81
    ADJECTIVE       shift and go to state 82


state 45

    (33) sentence -> NOUN ADJECTIVE CONJUNCTION . NOUN ADJECTIVE

    NOUN            shift and go to state 83


state 46

    (37) sentence -> CONJUNCTION CONJUNCTION VERB . PREPOSITION NOUN NOUN NOUN

    PREPOSITION     shift and go to state 84


state 47

    (44) sentence -> CONJUNCTION CONJUNCTION PREPOSITION . NOUN ADJECTIVE NOUN

    NOUN            shift and go to state 85


state 48

    (43) sentence -> CONJUNCTION CONJUNCTION NOUN . NOUN NOUN ADJECTIVE

    NOUN            shift and go to state 86


state 49

    (5) sentence -> CONJUNCTION PREPOSITION CONJUNCTION . VERB NOUN NOUN NOUN

    VERB            shift and go to state 87


state 50

    (35) sentence -> CONJUNCTION PREPOSITION VERB . CONJUNCTION PREPOSITION VERB NOUN

    CONJUNCTION     shift and go to state 88


state 51

    (31) sentence -> CONJUNCTION VERB CONJUNCTION . PREPOSITION PREPOSITION NOUN NOUN
    (42) sentence -> CONJUNCTION VERB CONJUNCTION . NOUN PREPOSITION VERB

    PREPOSITION     shift and go to state 89
    NOUN            shift and go to state 90


state 52

    (39) sentence -> CONJUNCTION NOUN NOUN . ADJECTIVE

    ADJECTIVE       shift and go to state 91


state 53

    (11) sentence -> CONJUNCTION NOUN PREPOSITION . NOUN NOUN

    NOUN            shift and go to state 92


state 54

    (8) sentence -> ADJECTIVE NOUN PREPOSITION . ADJECTIVE NOUN

    ADJECTIVE       shift and go to state 93


state 55

    (12) sentence -> ADJECTIVE VERB PREPOSITION . NOUN CONJUNCTION VERB

    NOUN            shift and go to state 94


state 56

    (16) sentence -> PREPOSITION PREPOSITION NOUN NOUN . CONJUNCTION NOUN

    CONJUNCTION     shift and go to state 95


state 57

    (21) sentence -> PREPOSITION PREPOSITION VERB PREPOSITION . NOUN CONJUNCTION VERB

    NOUN            shift and go to state 96


state 58

    (1) sentence -> PREPOSITION VERB PREPOSITION NOUN . PREPOSITION NOUN

    PREPOSITION     shift and go to state 97


state 59

    (40) sentence -> PREPOSITION VERB VERB CONJUNCTION . VERB PREPOSITION NOUN

    VERB            shift and go to state 98


state 60

    (13) sentence -> PREPOSITION VERB NOUN PREPOSITION . NOUN PREPOSITION NOUN
    (38) sentence -> PREPOSITION VERB NOUN PREPOSITION . CONJUNCTION NOUN PREPOSITION

    NOUN            shift and go to state 99
    CONJUNCTION     shift and go to state 100


state 61

    (19) sentence -> PREPOSITION VERB NOUN NOUN . ADJECTIVE
    (28) sentence -> PREPOSITION VERB NOUN NOUN . PREPOSITION NOUN
    (30) sentence -> PREPOSITION VERB NOUN NOUN . NOUN

    ADJECTIVE       shift and go to state 103
    PREPOSITION     shift and go to state 101
    NOUN            shift and go to state 102


state 62

    (6) sentence -> PREPOSITION VERB ADJECTIVE NOUN . NOUN

    NOUN            shift and go to state 104


state 63

    (7) sentence -> PREPOSITION NOUN PREPOSITION VERB . PREPOSITION PREPOSITION ADJECTIVE PREPOSITION

    PREPOSITION     shift and go to state 105


state 64

    (15) sentence -> PREPOSITION NOUN NOUN PREPOSITION . NOUN

    NOUN            shift and go to state 106


state 65

    (3) sentence -> PREPOSITION NOUN NOUN NOUN .

    $end            reduce using rule 3 (sentence -> PREPOSITION NOUN NOUN NOUN .)


state 66

    (25) sentence -> PREPOSITION NOUN CONJUNCTION PREPOSITION . NOUN ADJECTIVE
    (27) sentence -> PREPOSITION NOUN CONJUNCTION PREPOSITION . VERB PREPOSITION NOUN

    NOUN            shift and go to state 107
    VERB            shift and go to state 108


state 67

    (24) sentence -> PREPOSITION NOUN CONJUNCTION NOUN . NOUN

    NOUN            shift and go to state 109


state 68

    (29) sentence -> PREPOSITION CONJUNCTION PREPOSITION NOUN . PREPOSITION NOUN NOUN

    PREPOSITION     shift and go to state 110


state 69

    (4) sentence -> VERB NOUN NOUN NOUN . NOUN
    (32) sentence -> VERB NOUN NOUN NOUN . PREPOSITION

    NOUN            shift and go to state 111
    PREPOSITION     shift and go to state 112


state 70

    (34) sentence -> VERB NOUN NOUN PREPOSITION . NOUN

    NOUN            shift and go to state 113


state 71

    (23) sentence -> VERB ADJECTIVE ADJECTIVE NOUN . NOUN

    NOUN            shift and go to state 114


state 72

    (9) sentence -> VERB ADJECTIVE PREPOSITION NOUN . NOUN

    NOUN            shift and go to state 115


state 73

    (41) sentence -> VERB PREPOSITION PREPOSITION CONJUNCTION . NOUN CONJUNCTION CONJUNCTION ADJECTIVE

    NOUN            shift and go to state 116


state 74

    (45) sentence -> VERB PREPOSITION NOUN NOUN .

    $end            reduce using rule 45 (sentence -> VERB PREPOSITION NOUN NOUN .)


state 75

    (20) sentence -> VERB CONJUNCTION NOUN NOUN . NOUN

    NOUN            shift and go to state 117


state 76

    (10) sentence -> NOUN NOUN NOUN NOUN .

    $end            reduce using rule 10 (sentence -> NOUN NOUN NOUN NOUN .)


state 77

    (2) sentence -> NOUN NOUN NOUN VERB . PREPOSITION NOUN

    PREPOSITION     shift and go to state 118


state 78

    (18) sentence -> NOUN NOUN PREPOSITION NOUN . NOUN
    (26) sentence -> NOUN NOUN PREPOSITION NOUN . CONJUNCTION NOUN

    NOUN            shift and go to state 119
    CONJUNCTION     shift and go to state 120


state 79

    (14) sentence -> NOUN VERB NOUN PREPOSITION . NOUN

    NOUN            shift and go to state 121


state 80

    (36) sentence -> NOUN VERB NOUN ADJECTIVE . NOUN

    NOUN            shift and go to state 122


state 81

    (17) sentence -> NOUN PREPOSITION PREPOSITION PREPOSITION . PREPOSITION VERB

    PREPOSITION     shift and go to state 123


state 82

    (22) sentence -> NOUN PREPOSITION PREPOSITION ADJECTIVE . PREPOSITION VERB ADJECTIVE

    PREPOSITION     shift and go to state 124


state 83

    (33) sentence -> NOUN ADJECTIVE CONJUNCTION NOUN . ADJECTIVE

    ADJECTIVE       shift and go to state 125


state 84

    (37) sentence -> CONJUNCTION CONJUNCTION VERB PREPOSITION . NOUN NOUN NOUN

    NOUN            shift and go to state 126


state 85

    (44) sentence -> CONJUNCTION CONJUNCTION PREPOSITION NOUN . ADJECTIVE NOUN

    ADJECTIVE       shift and go to state 127


state 86

    (43) sentence -> CONJUNCTION CONJUNCTION NOUN NOUN . NOUN ADJECTIVE

    NOUN            shift and go to state 128


state 87

    (5) sentence -> CONJUNCTION PREPOSITION CONJUNCTION VERB . NOUN NOUN NOUN

    NOUN            shift and go to state 129


state 88

    (35) sentence -> CONJUNCTION PREPOSITION VERB CONJUNCTION . PREPOSITION VERB NOUN

    PREPOSITION     shift and go to state 130


state 89

    (31) sentence -> CONJUNCTION VERB CONJUNCTION PREPOSITION . PREPOSITION NOUN NOUN

    PREPOSITION     shift and go to state 131


state 90

    (42) sentence -> CONJUNCTION VERB CONJUNCTION NOUN . PREPOSITION VERB

    PREPOSITION     shift and go to state 132


state 91

    (39) sentence -> CONJUNCTION NOUN NOUN ADJECTIVE .

    $end            reduce using rule 39 (sentence -> CONJUNCTION NOUN NOUN ADJECTIVE .)


state 92

    (11) sentence -> CONJUNCTION NOUN PREPOSITION NOUN . NOUN

    NOUN            shift and go to state 133


state 93

    (8) sentence -> ADJECTIVE NOUN PREPOSITION ADJECTIVE . NOUN

    NOUN            shift and go to state 134


state 94

    (12) sentence -> ADJECTIVE VERB PREPOSITION NOUN . CONJUNCTION VERB

    CONJUNCTION     shift and go to state 135


state 95

    (16) sentence -> PREPOSITION PREPOSITION NOUN NOUN CONJUNCTION . NOUN

    NOUN            shift and go to state 136


state 96

    (21) sentence -> PREPOSITION PREPOSITION VERB PREPOSITION NOUN . CONJUNCTION VERB

    CONJUNCTION     shift and go to state 137


state 97

    (1) sentence -> PREPOSITION VERB PREPOSITION NOUN PREPOSITION . NOUN

    NOUN            shift and go to state 138


state 98

    (40) sentence -> PREPOSITION VERB VERB CONJUNCTION VERB . PREPOSITION NOUN

    PREPOSITION     shift and go to state 139


state 99

    (13) sentence -> PREPOSITION VERB NOUN PREPOSITION NOUN . PREPOSITION NOUN

    PREPOSITION     shift and go to state 140


state 100

    (38) sentence -> PREPOSITION VERB NOUN PREPOSITION CONJUNCTION . NOUN PREPOSITION

    NOUN            shift and go to state 141


state 101

    (28) sentence -> PREPOSITION VERB NOUN NOUN PREPOSITION . NOUN

    NOUN            shift and go to state 142


state 102

    (30) sentence -> PREPOSITION VERB NOUN NOUN NOUN .

    $end            reduce using rule 30 (sentence -> PREPOSITION VERB NOUN NOUN NOUN .)


state 103

    (19) sentence -> PREPOSITION VERB NOUN NOUN ADJECTIVE .

    $end            reduce using rule 19 (sentence -> PREPOSITION VERB NOUN NOUN ADJECTIVE .)


state 104

    (6) sentence -> PREPOSITION VERB ADJECTIVE NOUN NOUN .

    $end            reduce using rule 6 (sentence -> PREPOSITION VERB ADJECTIVE NOUN NOUN .)


state 105

    (7) sentence -> PREPOSITION NOUN PREPOSITION VERB PREPOSITION . PREPOSITION ADJECTIVE PREPOSITION

    PREPOSITION     shift and go to state 143


state 106

    (15) sentence -> PREPOSITION NOUN NOUN PREPOSITION NOUN .

    $end            reduce using rule 15 (sentence -> PREPOSITION NOUN NOUN PREPOSITION NOUN .)


state 107

    (25) sentence -> PREPOSITION NOUN CONJUNCTION PREPOSITION NOUN . ADJECTIVE

    ADJECTIVE       shift and go to state 144


state 108

    (27) sentence -> PREPOSITION NOUN CONJUNCTION PREPOSITION VERB . PREPOSITION NOUN

    PREPOSITION     shift and go to state 145


state 109

    (24) sentence -> PREPOSITION NOUN CONJUNCTION NOUN NOUN .

    $end            reduce using rule 24 (sentence -> PREPOSITION NOUN CONJUNCTION NOUN NOUN .)


state 110

    (29) sentence -> PREPOSITION CONJUNCTION PREPOSITION NOUN PREPOSITION . NOUN NOUN

    NOUN            shift and go to state 146


state 111

    (4) sentence -> VERB NOUN NOUN NOUN NOUN .

    $end            reduce using rule 4 (sentence -> VERB NOUN NOUN NOUN NOUN .)


state 112

    (32) sentence -> VERB NOUN NOUN NOUN PREPOSITION .

    $end            reduce using rule 32 (sentence -> VERB NOUN NOUN NOUN PREPOSITION .)


state 113

    (34) sentence -> VERB NOUN NOUN PREPOSITION NOUN .

    $end            reduce using rule 34 (sentence -> VERB NOUN NOUN PREPOSITION NOUN .)


state 114

    (23) sentence -> VERB ADJECTIVE ADJECTIVE NOUN NOUN .

    $end            reduce using rule 23 (sentence -> VERB ADJECTIVE ADJECTIVE NOUN NOUN .)


state 115

    (9) sentence -> VERB ADJECTIVE PREPOSITION NOUN NOUN .

    $end            reduce using rule 9 (sentence -> VERB ADJECTIVE PREPOSITION NOUN NOUN .)


state 116

    (41) sentence -> VERB PREPOSITION PREPOSITION CONJUNCTION NOUN . CONJUNCTION CONJUNCTION ADJECTIVE

    CONJUNCTION     shift and go to state 147


state 117

    (20) sentence -> VERB CONJUNCTION NOUN NOUN NOUN .

    $end            reduce using rule 20 (sentence -> VERB CONJUNCTION NOUN NOUN NOUN .)


state 118

    (2) sentence -> NOUN NOUN NOUN VERB PREPOSITION . NOUN

    NOUN            shift and go to state 148


state 119

    (18) sentence -> NOUN NOUN PREPOSITION NOUN NOUN .

    $end            reduce using rule 18 (sentence -> NOUN NOUN PREPOSITION NOUN NOUN .)


state 120

    (26) sentence -> NOUN NOUN PREPOSITION NOUN CONJUNCTION . NOUN

    NOUN            shift and go to state 149


state 121

    (14) sentence -> NOUN VERB NOUN PREPOSITION NOUN .

    $end            reduce using rule 14 (sentence -> NOUN VERB NOUN PREPOSITION NOUN .)


state 122

    (36) sentence -> NOUN VERB NOUN ADJECTIVE NOUN .

    $end            reduce using rule 36 (sentence -> NOUN VERB NOUN ADJECTIVE NOUN .)


state 123

    (17) sentence -> NOUN PREPOSITION PREPOSITION PREPOSITION PREPOSITION . VERB

    VERB            shift and go to state 150


state 124

    (22) sentence -> NOUN PREPOSITION PREPOSITION ADJECTIVE PREPOSITION . VERB ADJECTIVE

    VERB            shift and go to state 151


state 125

    (33) sentence -> NOUN ADJECTIVE CONJUNCTION NOUN ADJECTIVE .

    $end            reduce using rule 33 (sentence -> NOUN ADJECTIVE CONJUNCTION NOUN ADJECTIVE .)


state 126

    (37) sentence -> CONJUNCTION CONJUNCTION VERB PREPOSITION NOUN . NOUN NOUN

    NOUN            shift and go to state 152


state 127

    (44) sentence -> CONJUNCTION CONJUNCTION PREPOSITION NOUN ADJECTIVE . NOUN

    NOUN            shift and go to state 153


state 128

    (43) sentence -> CONJUNCTION CONJUNCTION NOUN NOUN NOUN . ADJECTIVE

    ADJECTIVE       shift and go to state 154


state 129

    (5) sentence -> CONJUNCTION PREPOSITION CONJUNCTION VERB NOUN . NOUN NOUN

    NOUN            shift and go to state 155


state 130

    (35) sentence -> CONJUNCTION PREPOSITION VERB CONJUNCTION PREPOSITION . VERB NOUN

    VERB            shift and go to state 156


state 131

    (31) sentence -> CONJUNCTION VERB CONJUNCTION PREPOSITION PREPOSITION . NOUN NOUN

    NOUN            shift and go to state 157


state 132

    (42) sentence -> CONJUNCTION VERB CONJUNCTION NOUN PREPOSITION . VERB

    VERB            shift and go to state 158


state 133

    (11) sentence -> CONJUNCTION NOUN PREPOSITION NOUN NOUN .

    $end            reduce using rule 11 (sentence -> CONJUNCTION NOUN PREPOSITION NOUN NOUN .)


state 134

    (8) sentence -> ADJECTIVE NOUN PREPOSITION ADJECTIVE NOUN .

    $end            reduce using rule 8 (sentence -> ADJECTIVE NOUN PREPOSITION ADJECTIVE NOUN .)


state 135

    (12) sentence -> ADJECTIVE VERB PREPOSITION NOUN CONJUNCTION . VERB

    VERB            shift and go to state 159


state 136

    (16) sentence -> PREPOSITION PREPOSITION NOUN NOUN CONJUNCTION NOUN .

    $end            reduce using rule 16 (sentence -> PREPOSITION PREPOSITION NOUN NOUN CONJUNCTION NOUN .)


state 137

    (21) sentence -> PREPOSITION PREPOSITION VERB PREPOSITION NOUN CONJUNCTION . VERB

    VERB            shift and go to state 160


state 138

    (1) sentence -> PREPOSITION VERB PREPOSITION NOUN PREPOSITION NOUN .

    $end            reduce using rule 1 (sentence -> PREPOSITION VERB PREPOSITION NOUN PREPOSITION NOUN .)


state 139

    (40) sentence -> PREPOSITION VERB VERB CONJUNCTION VERB PREPOSITION . NOUN

    NOUN            shift and go to state 161


state 140

    (13) sentence -> PREPOSITION VERB NOUN PREPOSITION NOUN PREPOSITION . NOUN

    NOUN            shift and go to state 162


state 141

    (38) sentence -> PREPOSITION VERB NOUN PREPOSITION CONJUNCTION NOUN . PREPOSITION

    PREPOSITION     shift and go to state 163


state 142

    (28) sentence -> PREPOSITION VERB NOUN NOUN PREPOSITION NOUN .

    $end            reduce using rule 28 (sentence -> PREPOSITION VERB NOUN NOUN PREPOSITION NOUN .)


state 143

    (7) sentence -> PREPOSITION NOUN PREPOSITION VERB PREPOSITION PREPOSITION . ADJECTIVE PREPOSITION

    ADJECTIVE       shift and go to state 164


state 144

    (25) sentence -> PREPOSITION NOUN CONJUNCTION PREPOSITION NOUN ADJECTIVE .

    $end            reduce using rule 25 (sentence -> PREPOSITION NOUN CONJUNCTION PREPOSITION NOUN ADJECTIVE .)


state 145

    (27) sentence -> PREPOSITION NOUN CONJUNCTION PREPOSITION VERB PREPOSITION . NOUN

    NOUN            shift and go to state 165


state 146

    (29) sentence -> PREPOSITION CONJUNCTION PREPOSITION NOUN PREPOSITION NOUN . NOUN

    NOUN            shift and go to state 166


state 147

    (41) sentence -> VERB PREPOSITION PREPOSITION CONJUNCTION NOUN CONJUNCTION . CONJUNCTION ADJECTIVE

    CONJUNCTION     shift and go to state 167


state 148

    (2) sentence -> NOUN NOUN NOUN VERB PREPOSITION NOUN .

    $end            reduce using rule 2 (sentence -> NOUN NOUN NOUN VERB PREPOSITION NOUN .)


state 149

    (26) sentence -> NOUN NOUN PREPOSITION NOUN CONJUNCTION NOUN .

    $end            reduce using rule 26 (sentence -> NOUN NOUN PREPOSITION NOUN CONJUNCTION NOUN .)


state 150

    (17) sentence -> NOUN PREPOSITION PREPOSITION PREPOSITION PREPOSITION VERB .

    $end            reduce using rule 17 (sentence -> NOUN PREPOSITION PREPOSITION PREPOSITION PREPOSITION VERB .)


state 151

    (22) sentence -> NOUN PREPOSITION PREPOSITION ADJECTIVE PREPOSITION VERB . ADJECTIVE

    ADJECTIVE       shift and go to state 168


state 152

    (37) sentence -> CONJUNCTION CONJUNCTION VERB PREPOSITION NOUN NOUN . NOUN

    NOUN            shift and go to state 169


state 153

    (44) sentence -> CONJUNCTION CONJUNCTION PREPOSITION NOUN ADJECTIVE NOUN .

    $end            reduce using rule 44 (sentence -> CONJUNCTION CONJUNCTION PREPOSITION NOUN ADJECTIVE NOUN .)


state 154

    (43) sentence -> CONJUNCTION CONJUNCTION NOUN NOUN NOUN ADJECTIVE .

    $end            reduce using rule 43 (sentence -> CONJUNCTION CONJUNCTION NOUN NOUN NOUN ADJECTIVE .)


state 155

    (5) sentence -> CONJUNCTION PREPOSITION CONJUNCTION VERB NOUN NOUN . NOUN

    NOUN            shift and go to state 170


state 156

    (35) sentence -> CONJUNCTION PREPOSITION VERB CONJUNCTION PREPOSITION VERB . NOUN

    NOUN            shift and go to state 171


state 157

    (31) sentence -> CONJUNCTION VERB CONJUNCTION PREPOSITION PREPOSITION NOUN . NOUN

    NOUN            shift and go to state 172


state 158

    (42) sentence -> CONJUNCTION VERB CONJUNCTION NOUN PREPOSITION VERB .

    $end            reduce using rule 42 (sentence -> CONJUNCTION VERB CONJUNCTION NOUN PREPOSITION VERB .)


state 159

    (12) sentence -> ADJECTIVE VERB PREPOSITION NOUN CONJUNCTION VERB .

    $end            reduce using rule 12 (sentence -> ADJECTIVE VERB PREPOSITION NOUN CONJUNCTION VERB .)


state 160

    (21) sentence -> PREPOSITION PREPOSITION VERB PREPOSITION NOUN CONJUNCTION VERB .

    $end            reduce using rule 21 (sentence -> PREPOSITION PREPOSITION VERB PREPOSITION NOUN CONJUNCTION VERB .)


state 161

    (40) sentence -> PREPOSITION VERB VERB CONJUNCTION VERB PREPOSITION NOUN .

    $end            reduce using rule 40 (sentence -> PREPOSITION VERB VERB CONJUNCTION VERB PREPOSITION NOUN .)


state 162

    (13) sentence -> PREPOSITION VERB NOUN PREPOSITION NOUN PREPOSITION NOUN .

    $end            reduce using rule 13 (sentence -> PREPOSITION VERB NOUN PREPOSITION NOUN PREPOSITION NOUN .)


state 163

    (38) sentence -> PREPOSITION VERB NOUN PREPOSITION CONJUNCTION NOUN PREPOSITION .

    $end            reduce using rule 38 (sentence -> PREPOSITION VERB NOUN PREPOSITION CONJUNCTION NOUN PREPOSITION .)


state 164

    (7) sentence -> PREPOSITION NOUN PREPOSITION VERB PREPOSITION PREPOSITION ADJECTIVE . PREPOSITION

    PREPOSITION     shift and go to state 173


state 165

    (27) sentence -> PREPOSITION NOUN CONJUNCTION PREPOSITION VERB PREPOSITION NOUN .

    $end            reduce using rule 27 (sentence -> PREPOSITION NOUN CONJUNCTION PREPOSITION VERB PREPOSITION NOUN .)


state 166

    (29) sentence -> PREPOSITION CONJUNCTION PREPOSITION NOUN PREPOSITION NOUN NOUN .

    $end            reduce using rule 29 (sentence -> PREPOSITION CONJUNCTION PREPOSITION NOUN PREPOSITION NOUN NOUN .)


state 167

    (41) sentence -> VERB PREPOSITION PREPOSITION CONJUNCTION NOUN CONJUNCTION CONJUNCTION . ADJECTIVE

    ADJECTIVE       shift and go to state 174


state 168

    (22) sentence -> NOUN PREPOSITION PREPOSITION ADJECTIVE PREPOSITION VERB ADJECTIVE .

    $end            reduce using rule 22 (sentence -> NOUN PREPOSITION PREPOSITION ADJECTIVE PREPOSITION VERB ADJECTIVE .)


state 169

    (37) sentence -> CONJUNCTION CONJUNCTION VERB PREPOSITION NOUN NOUN NOUN .

    $end            reduce using rule 37 (sentence -> CONJUNCTION CONJUNCTION VERB PREPOSITION NOUN NOUN NOUN .)


state 170

    (5) sentence -> CONJUNCTION PREPOSITION CONJUNCTION VERB NOUN NOUN NOUN .

    $end            reduce using rule 5 (sentence -> CONJUNCTION PREPOSITION CONJUNCTION VERB NOUN NOUN NOUN .)


state 171

    (35) sentence -> CONJUNCTION PREPOSITION VERB CONJUNCTION PREPOSITION VERB NOUN .

    $end            reduce using rule 35 (sentence -> CONJUNCTION PREPOSITION VERB CONJUNCTION PREPOSITION VERB NOUN .)


state 172

    (31) sentence -> CONJUNCTION VERB CONJUNCTION PREPOSITION PREPOSITION NOUN NOUN .

    $end            reduce using rule 31 (sentence -> CONJUNCTION VERB CONJUNCTION PREPOSITION PREPOSITION NOUN NOUN .)


state 173

    (7) sentence -> PREPOSITION NOUN PREPOSITION VERB PREPOSITION PREPOSITION ADJECTIVE PREPOSITION .

    $end            reduce using rule 7 (sentence -> PREPOSITION NOUN PREPOSITION VERB PREPOSITION PREPOSITION ADJECTIVE PREPOSITION .)


state 174

    (41) sentence -> VERB PREPOSITION PREPOSITION CONJUNCTION NOUN CONJUNCTION CONJUNCTION ADJECTIVE .

    $end            reduce using rule 41 (sentence -> VERB PREPOSITION PREPOSITION CONJUNCTION NOUN CONJUNCTION CONJUNCTION ADJECTIVE .)

